

Started GET "/" for 127.0.0.1 at 2015-04-04 09:32:42 -0500
Processing by Rails::WelcomeController#index as HTML
  Rendered /home/luis/.rvm/gems/ruby-2.2.1/gems/railties-4.2.1/lib/rails/templates/rails/welcome/index.html.erb (2.1ms)
Completed 200 OK in 40ms (Views: 14.7ms | ActiveRecord: 0.0ms)


Started GET "/rails/info/properties" for 127.0.0.1 at 2015-04-04 09:32:48 -0500
Processing by Rails::InfoController#properties as HTML
  Rendered /home/luis/.rvm/gems/ruby-2.2.1/gems/railties-4.2.1/lib/rails/templates/rails/info/properties.html.erb (0.6ms)
Completed 200 OK in 60ms (Views: 11.2ms | ActiveRecord: 21.3ms)
  [1m[36m (101.9ms)[0m  [1mCREATE TABLE "schema_migrations" ("version" varchar NOT NULL) [0m
  [1m[35m (0.2ms)[0m  select sqlite_version(*)
  [1m[36m (107.0ms)[0m  [1mCREATE UNIQUE INDEX "unique_schema_migrations" ON "schema_migrations" ("version")[0m
  [1m[35mActiveRecord::SchemaMigration Load (0.2ms)[0m  SELECT "schema_migrations".* FROM "schema_migrations"
Migrating to CreateRestaurants (20150404143643)
  [1m[36m (0.2ms)[0m  [1mbegin transaction[0m
  [1m[35m (1.3ms)[0m  CREATE TABLE "restaurants" ("id" INTEGER PRIMARY KEY AUTOINCREMENT NOT NULL, "name" varchar, "address" varchar, "created_at" datetime NOT NULL, "updated_at" datetime NOT NULL) 
  [1m[36mSQL (0.4ms)[0m  [1mINSERT INTO "schema_migrations" ("version") VALUES (?)[0m  [["version", "20150404143643"]]
  [1m[35m (136.3ms)[0m  commit transaction
  [1m[36mActiveRecord::SchemaMigration Load (0.2ms)[0m  [1mSELECT "schema_migrations".* FROM "schema_migrations"[0m
  [1m[36m (134.8ms)[0m  [1mCREATE TABLE "restaurants" ("id" INTEGER PRIMARY KEY AUTOINCREMENT NOT NULL, "name" varchar, "address" varchar, "created_at" datetime NOT NULL, "updated_at" datetime NOT NULL) [0m
  [1m[35m (118.0ms)[0m  CREATE TABLE "schema_migrations" ("version" varchar NOT NULL) 
  [1m[36m (0.2ms)[0m  [1mselect sqlite_version(*)[0m
  [1m[35m (141.5ms)[0m  CREATE UNIQUE INDEX "unique_schema_migrations" ON "schema_migrations" ("version")
  [1m[36m (0.2ms)[0m  [1mSELECT version FROM "schema_migrations"[0m
  [1m[35m (150.1ms)[0m  INSERT INTO "schema_migrations" (version) VALUES ('20150404143643')
  [1m[36m (0.2ms)[0m  [1mbegin transaction[0m
  [1m[35mSQL (0.9ms)[0m  INSERT INTO "restaurants" ("name", "created_at", "updated_at") VALUES (?, ?, ?)  [["name", "Luis' Place"], ["created_at", "2015-04-04 16:05:09.058496"], ["updated_at", "2015-04-04 16:05:09.058496"]]
  [1m[36m (134.7ms)[0m  [1mcommit transaction[0m
  [1m[35m (0.4ms)[0m  SELECT COUNT(*) FROM "restaurants"
  [1m[36mRestaurant Load (0.4ms)[0m  [1mSELECT  "restaurants".* FROM "restaurants"  ORDER BY "restaurants"."id" DESC LIMIT 1[0m
  [1m[35m (0.2ms)[0m  begin transaction
  [1m[36m (0.2ms)[0m  [1mrollback transaction[0m
  [1m[35m (0.2ms)[0m  begin transaction
  [1m[36m (0.2ms)[0m  [1mrollback transaction[0m


Started GET "/restaurants" for 127.0.0.1 at 2015-04-04 11:16:12 -0500
  [1m[36mActiveRecord::SchemaMigration Load (0.3ms)[0m  [1mSELECT "schema_migrations".* FROM "schema_migrations"[0m
Processing by RestaurantsController#index as HTML
  Rendered restaurants/index.html.haml within layouts/application (5.0ms)
Completed 200 OK in 7447ms (Views: 7435.7ms | ActiveRecord: 0.0ms)


Started GET "/restaurants/new" for 127.0.0.1 at 2015-04-04 11:16:39 -0500
Processing by RestaurantsController#new as HTML
  Rendered restaurants/new.html.haml within layouts/application (2.0ms)
Completed 200 OK in 161ms (Views: 159.8ms | ActiveRecord: 0.0ms)


Started GET "/restaurants/new" for 127.0.0.1 at 2015-04-05 08:08:09 -0500
  [1m[36mActiveRecord::SchemaMigration Load (0.4ms)[0m  [1mSELECT "schema_migrations".* FROM "schema_migrations"[0m
Processing by RestaurantsController#new as HTML
  Rendered restaurants/new.html.haml within layouts/application (4.4ms)
Completed 200 OK in 592ms (Views: 568.8ms | ActiveRecord: 0.0ms)


Started GET "/restaurants/" for 127.0.0.1 at 2015-04-05 08:08:22 -0500
Processing by RestaurantsController#index as HTML
  Rendered restaurants/index.html.haml within layouts/application (1.8ms)
Completed 200 OK in 211ms (Views: 209.9ms | ActiveRecord: 0.0ms)


Started GET "/restaurants/" for 127.0.0.1 at 2015-04-05 08:35:50 -0500
  [1m[36mActiveRecord::SchemaMigration Load (0.3ms)[0m  [1mSELECT "schema_migrations".* FROM "schema_migrations"[0m
Processing by RestaurantsController#index as HTML
  Rendered restaurants/index.html.haml within layouts/application (2.9ms)
Completed 200 OK in 557ms (Views: 536.7ms | ActiveRecord: 0.0ms)


Started GET "/restaurants/4" for 127.0.0.1 at 2015-04-05 08:35:57 -0500
Processing by RestaurantsController#show as HTML
  Parameters: {"id"=>"4"}
  Rendered restaurants/show.html.haml within layouts/application (6.0ms)
Completed 200 OK in 225ms (Views: 224.0ms | ActiveRecord: 0.0ms)
  [1m[36m (22.2ms)[0m  [1mbegin transaction[0m
  [1m[35mSQL (84.4ms)[0m  INSERT INTO "restaurants" ("name", "created_at", "updated_at") VALUES (?, ?, ?)  [["name", "MC Ruby on Rails"], ["created_at", "2015-04-05 15:54:26.608630"], ["updated_at", "2015-04-05 15:54:26.608630"]]
  [1m[36m (165.5ms)[0m  [1mcommit transaction[0m
